This is pdfTeX, Version 3.14159265-2.6-1.40.20 (TeX Live 2019/Debian) (preloaded format=pdflatex 2022.2.10)  23 AUG 2022 20:33
entering extended mode
 restricted \write18 enabled.
 %&-line parsing enabled.
**thesis.tex
(./thesis.tex
LaTeX2e <2020-02-02> patch level 2
L3 programming layer <2020-02-14>
(/usr/share/texlive/texmf-dist/tex/latex/base/book.cls
Document Class: book 2019/12/20 v1.4l Standard LaTeX document class
(/usr/share/texlive/texmf-dist/tex/latex/base/bk10.clo
File: bk10.clo 2019/12/20 v1.4l Standard LaTeX file (size option)
)
\c@part=\count167
\c@chapter=\count168
\c@section=\count169
\c@subsection=\count170
\c@subsubsection=\count171
\c@paragraph=\count172
\c@subparagraph=\count173
\c@figure=\count174
\c@table=\count175
\abovecaptionskip=\skip47
\belowcaptionskip=\skip48
\bibindent=\dimen134
)
(/usr/share/texlive/texmf-dist/tex/latex/base/fontenc.sty
Package: fontenc 2020/02/11 v2.0o Standard LaTeX package
)
(/usr/share/texlive/texmf-dist/tex/latex/base/inputenc.sty
Package: inputenc 2018/08/11 v1.3c Input encoding file
\inpenc@prehook=\toks14
\inpenc@posthook=\toks15
)
(/usr/share/texlive/texmf-dist/tex/generic/babel/babel.sty
Package: babel 2020/02/14 3.40 The Babel package

(/usr/share/texlive/texmf-dist/tex/generic/babel/switch.def
File: switch.def 2020/02/14 3.40 Babel switching mechanism
)
(/usr/share/texlive/texmf-dist/tex/generic/babel-english/english.ldf
Language: english 2017/06/06 v3.3r English support from the babel system

(/usr/share/texlive/texmf-dist/tex/generic/babel/babel.def
File: babel.def 2020/02/14 3.40 Babel common definitions
\babel@savecnt=\count176
\U@D=\dimen135

(/usr/share/texlive/texmf-dist/tex/generic/babel/txtbabel.def)
\bbl@readstream=\read2
\bbl@dirlevel=\count177
)
Package babel Info: \l@british = using hyphenrules for english
(babel)             (\language0) on input line 82.
Package babel Info: \l@UKenglish = using hyphenrules for english
(babel)             (\language0) on input line 83.
Package babel Info: \l@canadian = using hyphenrules for english
(babel)             (\language0) on input line 102.
Package babel Info: \l@australian = using hyphenrules for english
(babel)             (\language0) on input line 105.
Package babel Info: \l@newzealand = using hyphenrules for english
(babel)             (\language0) on input line 108.
))
(/usr/share/texlive/texmf-dist/tex/latex/geometry/geometry.sty
Package: geometry 2020/01/02 v5.9 Page Geometry

(/usr/share/texlive/texmf-dist/tex/latex/graphics/keyval.sty
Package: keyval 2014/10/28 v1.15 key=value parser (DPC)
\KV@toks@=\toks16
)
(/usr/share/texlive/texmf-dist/tex/generic/iftex/ifvtex.sty
Package: ifvtex 2019/10/25 v1.7 ifvtex legacy package. Use iftex instead.

(/usr/share/texlive/texmf-dist/tex/generic/iftex/iftex.sty
Package: iftex 2019/11/07 v1.0c TeX engine tests
))
\Gm@cnth=\count178
\Gm@cntv=\count179
\c@Gm@tempcnt=\count180
\Gm@bindingoffset=\dimen136
\Gm@wd@mp=\dimen137
\Gm@odd@mp=\dimen138
\Gm@even@mp=\dimen139
\Gm@layoutwidth=\dimen140
\Gm@layoutheight=\dimen141
\Gm@layouthoffset=\dimen142
\Gm@layoutvoffset=\dimen143
\Gm@dimlist=\toks17
)
(/usr/share/texlive/texmf-dist/tex/latex/tools/verbatim.sty
Package: verbatim 2019/11/10 v1.5r LaTeX2e package for verbatim enhancements
\every@verbatim=\toks18
\verbatim@line=\toks19
\verbatim@in@stream=\read3
)
(./frontespizio.sty
Package: frontespizio 2011/07/18 1.4 (Enrico Gregorio)

(/usr/share/texlive/texmf-dist/tex/latex/tools/afterpage.sty
Package: afterpage 2014/10/28 v1.08 After-Page Package (DPC)
\AP@output=\toks20
\AP@partial=\box45
\AP@footins=\box46
)
(/usr/share/texlive/texmf-dist/tex/latex/graphics/graphicx.sty
Package: graphicx 2019/11/30 v1.2a Enhanced LaTeX Graphics (DPC,SPQR)

(/usr/share/texlive/texmf-dist/tex/latex/graphics/graphics.sty
Package: graphics 2019/11/30 v1.4a Standard LaTeX Graphics (DPC,SPQR)

(/usr/share/texlive/texmf-dist/tex/latex/graphics/trig.sty
Package: trig 2016/01/03 v1.10 sin cos tan (DPC)
)
(/usr/share/texlive/texmf-dist/tex/latex/graphics-cfg/graphics.cfg
File: graphics.cfg 2016/06/04 v1.11 sample graphics configuration
)
Package graphics Info: Driver file: pdftex.def on input line 105.

(/usr/share/texlive/texmf-dist/tex/latex/graphics-def/pdftex.def
File: pdftex.def 2018/01/08 v1.0l Graphics/color driver for pdftex
))
\Gin@req@height=\dimen144
\Gin@req@width=\dimen145
)
(/usr/share/texlive/texmf-dist/tex/generic/atbegshi/atbegshi.sty
Package: atbegshi 2019/12/05 v1.19 At begin shipout hook (HO)

(/usr/share/texlive/texmf-dist/tex/generic/infwarerr/infwarerr.sty
Package: infwarerr 2019/12/03 v1.5 Providing info/warning/error messages (HO)
)
(/usr/share/texlive/texmf-dist/tex/generic/ltxcmds/ltxcmds.sty
Package: ltxcmds 2019/12/15 v1.24 LaTeX kernel commands for general use (HO)
))
(/usr/share/texlive/texmf-dist/tex/latex/environ/environ.sty
Package: environ 2014/05/04 v0.3 A new way to define environments

(/usr/share/texlive/texmf-dist/tex/latex/trimspaces/trimspaces.sty
Package: trimspaces 2009/09/17 v1.1 Trim spaces around a token list
)
\@envbody=\toks21
)
(/usr/share/texlive/texmf-dist/tex/generic/iftex/ifpdf.sty
Package: ifpdf 2019/10/25 v3.4 ifpdf legacy package. Use iftex instead.
)
(/usr/share/texlive/texmf-dist/tex/generic/iftex/ifxetex.sty
Package: ifxetex 2019/10/25 v0.7 ifxetex legacy package. Use iftex instead.
)
\front@out=\write3
\openout3 = `thesis-frn.tex'.

)
(/usr/share/texlive/texmf-dist/tex/latex/pdflscape/pdflscape.sty
Package: pdflscape 2019/12/05 v0.12 Display of landscape pages in PDF (HO)

(/usr/share/texlive/texmf-dist/tex/latex/graphics/lscape.sty
Package: lscape 2000/10/22 v3.01 Landscape Pages (DPC)
)
Package pdflscape Info: Auto-detected driver: pdftex on input line 81.
)
(/usr/share/texlive/texmf-dist/tex/latex/emptypage/emptypage.sty
Package: emptypage 2010/05/30 v1.2 Suppress page numbers and headings on empty 
pages
)
(/usr/share/texlive/texmf-dist/tex/latex/amsmath/amsmath.sty
Package: amsmath 2020/01/20 v2.17e AMS math features
\@mathmargin=\skip49

For additional information on amsmath, use the `?' option.
(/usr/share/texlive/texmf-dist/tex/latex/amsmath/amstext.sty
Package: amstext 2000/06/29 v2.01 AMS text

(/usr/share/texlive/texmf-dist/tex/latex/amsmath/amsgen.sty
File: amsgen.sty 1999/11/30 v2.0 generic functions
\@emptytoks=\toks22
\ex@=\dimen146
))
(/usr/share/texlive/texmf-dist/tex/latex/amsmath/amsbsy.sty
Package: amsbsy 1999/11/29 v1.2d Bold Symbols
\pmbraise@=\dimen147
)
(/usr/share/texlive/texmf-dist/tex/latex/amsmath/amsopn.sty
Package: amsopn 2016/03/08 v2.02 operator names
)
\inf@bad=\count181
LaTeX Info: Redefining \frac on input line 227.
\uproot@=\count182
\leftroot@=\count183
LaTeX Info: Redefining \overline on input line 389.
\classnum@=\count184
\DOTSCASE@=\count185
LaTeX Info: Redefining \ldots on input line 486.
LaTeX Info: Redefining \dots on input line 489.
LaTeX Info: Redefining \cdots on input line 610.
\Mathstrutbox@=\box47
\strutbox@=\box48
\big@size=\dimen148
LaTeX Font Info:    Redeclaring font encoding OML on input line 733.
LaTeX Font Info:    Redeclaring font encoding OMS on input line 734.
\macc@depth=\count186
\c@MaxMatrixCols=\count187
\dotsspace@=\muskip16
\c@parentequation=\count188
\dspbrk@lvl=\count189
\tag@help=\toks23
\row@=\count190
\column@=\count191
\maxfields@=\count192
\andhelp@=\toks24
\eqnshift@=\dimen149
\alignsep@=\dimen150
\tagshift@=\dimen151
\tagwidth@=\dimen152
\totwidth@=\dimen153
\lineht@=\dimen154
\@envbody=\toks25
\multlinegap=\skip50
\multlinetaggap=\skip51
\mathdisplay@stack=\toks26
LaTeX Info: Redefining \[ on input line 2859.
LaTeX Info: Redefining \] on input line 2860.
)
(/usr/share/texlive/texmf-dist/tex/latex/amsfonts/amssymb.sty
Package: amssymb 2013/01/14 v3.01 AMS font symbols

(/usr/share/texlive/texmf-dist/tex/latex/amsfonts/amsfonts.sty
Package: amsfonts 2013/01/14 v3.01 Basic AMSFonts support
\symAMSa=\mathgroup4
\symAMSb=\mathgroup5
LaTeX Font Info:    Redeclaring math symbol \hbar on input line 98.
LaTeX Font Info:    Overwriting math alphabet `\mathfrak' in version `bold'
(Font)                  U/euf/m/n --> U/euf/b/n on input line 106.
))
(/usr/share/texlive/texmf-dist/tex/latex/mathtools/mathtools.sty
Package: mathtools 2020/01/17 v1.23 mathematical typesetting tools

(/usr/share/texlive/texmf-dist/tex/latex/tools/calc.sty
Package: calc 2017/05/25 v4.3 Infix arithmetic (KKT,FJ)
\calc@Acount=\count193
\calc@Bcount=\count194
\calc@Adimen=\dimen155
\calc@Bdimen=\dimen156
\calc@Askip=\skip52
\calc@Bskip=\skip53
LaTeX Info: Redefining \setlength on input line 80.
LaTeX Info: Redefining \addtolength on input line 81.
\calc@Ccount=\count195
\calc@Cskip=\skip54
)
(/usr/share/texlive/texmf-dist/tex/latex/mathtools/mhsetup.sty
Package: mhsetup 2017/03/31 v1.3 programming setup (MH)
)
LaTeX Info: Thecontrolsequence`\('isalreadyrobust on input line 129.
LaTeX Info: Thecontrolsequence`\)'isalreadyrobust on input line 129.
LaTeX Info: Thecontrolsequence`\['isalreadyrobust on input line 129.
LaTeX Info: Thecontrolsequence`\]'isalreadyrobust on input line 129.
\g_MT_multlinerow_int=\count196
\l_MT_multwidth_dim=\dimen157
\origjot=\skip55
\l_MT_shortvdotswithinadjustabove_dim=\dimen158
\l_MT_shortvdotswithinadjustbelow_dim=\dimen159
\l_MT_above_intertext_sep=\dimen160
\l_MT_below_intertext_sep=\dimen161
\l_MT_above_shortintertext_sep=\dimen162
\l_MT_below_shortintertext_sep=\dimen163
)
(/usr/share/texlive/texmf-dist/tex/latex/tools/bm.sty
Package: bm 2019/07/24 v1.2d Bold Symbol Support (DPC/FMi)
\symboldoperators=\mathgroup6
\symboldletters=\mathgroup7
\symboldsymbols=\mathgroup8
LaTeX Font Info:    Redeclaring math alphabet \mathbf on input line 141.
LaTeX Info: Redefining \bm on input line 209.
)
(/usr/share/texlive/texmf-dist/tex/latex/siunitx/siunitx.sty
(/usr/share/texlive/texmf-dist/tex/latex/l3kernel/expl3.sty
Package: expl3 2020-02-14 L3 programming layer (loader) 

(/usr/share/texlive/texmf-dist/tex/latex/l3backend/l3backend-pdfmode.def
File: l3backend-pdfmode.def 2020-02-03 L3 backend support: PDF mode
\l__kernel_color_stack_int=\count197
\l__pdf_internal_box=\box49
))
(/usr/share/texlive/texmf-dist/tex/latex/l3packages/xparse/xparse.sty
Package: xparse 2020-02-14 L3 Experimental document command parser
\l__xparse_current_arg_int=\count198
\g__xparse_grabber_int=\count199
\l__xparse_m_args_int=\count266
\l__xparse_v_nesting_int=\count267
)
Package: siunitx 2020/01/15 v2.7u A comprehensive (SI) units package

(/usr/share/texlive/texmf-dist/tex/latex/tools/array.sty
Package: array 2019/08/31 v2.4l Tabular extension package (FMi)
\col@sep=\dimen164
\ar@mcellbox=\box50
\extrarowheight=\dimen165
\NC@list=\toks27
\extratabsurround=\skip56
\backup@length=\skip57
\ar@cellbox=\box51
)
(/usr/share/texlive/texmf-dist/tex/latex/l3packages/l3keys2e/l3keys2e.sty
Package: l3keys2e 2020-02-14 LaTeX2e option processing using LaTeX3 keys
)
\l__siunitx_tmp_box=\box52
\l__siunitx_tmp_dim=\dimen166
\l__siunitx_tmp_int=\count268
\l__siunitx_number_mantissa_length_int=\count269
\l__siunitx_number_uncert_length_int=\count270
\l__siunitx_round_int=\count271
\l__siunitx_process_decimal_int=\count272
\l__siunitx_process_uncertainty_int=\count273
\l__siunitx_process_fixed_int=\count274
\l__siunitx_process_integer_min_int=\count275
\l__siunitx_process_precision_int=\count276
\l__siunitx_group_min_int=\count277
\l__siunitx_angle_marker_box=\box53
\l__siunitx_angle_unit_box=\box54
\l__siunitx_angle_marker_dim=\dimen167
\l__siunitx_angle_unit_dim=\dimen168
\l__siunitx_unit_int=\count278
\l__siunitx_unit_denominator_int=\count279
\l__siunitx_unit_numerator_int=\count280
\l__siunitx_unit_prefix_int=\count281
\l__siunitx_unit_prefix_base_int=\count282
\l__siunitx_unit_prefix_gram_int=\count283
\l__siunitx_number_product_int=\count284
\c__siunitx_one_fill_skip=\skip58
\l__siunitx_table_unit_align_skip=\skip59
\l__siunitx_table_exponent_dim=\dimen169
\l__siunitx_table_integer_dim=\dimen170
\l__siunitx_table_mantissa_dim=\dimen171
\l__siunitx_table_marker_dim=\dimen172
\l__siunitx_table_result_dim=\dimen173
\l__siunitx_table_uncert_dim=\dimen174
\l__siunitx_table_fill_pre_dim=\dimen175
\l__siunitx_table_fill_post_dim=\dimen176
\l__siunitx_table_fill_mid_dim=\dimen177
\l__siunitx_table_pre_box=\box55
\l__siunitx_table_post_box=\box56
\l__siunitx_table_mantissa_box=\box57
\l__siunitx_table_result_box=\box58
\l__siunitx_table_number_align_skip=\skip60
\l__siunitx_table_text_align_skip=\skip61

(/usr/share/texlive/texmf-dist/tex/latex/translator/translator.sty
Package: translator 2019-05-31 v1.12a Easy translation of strings in LaTeX
))
(/usr/share/texlive/texmf-dist/tex/latex/tools/varioref.sty
Package: varioref 2020/01/23 v1.6c package for extended references (FMi)
\c@vrcnt=\count285
)
(/usr/share/texlive/texmf-dist/tex/latex/hyperref/hyperref.sty
Package: hyperref 2020/01/14 v7.00d Hypertext links for LaTeX

(/usr/share/texlive/texmf-dist/tex/latex/pdftexcmds/pdftexcmds.sty
Package: pdftexcmds 2019/11/24 v0.31 Utility functions of pdfTeX for LuaTeX (HO
)
Package pdftexcmds Info: \pdf@primitive is available.
Package pdftexcmds Info: \pdf@ifprimitive is available.
Package pdftexcmds Info: \pdfdraftmode found.
)
(/usr/share/texlive/texmf-dist/tex/generic/kvsetkeys/kvsetkeys.sty
Package: kvsetkeys 2019/12/15 v1.18 Key value parser (HO)
)
(/usr/share/texlive/texmf-dist/tex/generic/kvdefinekeys/kvdefinekeys.sty
Package: kvdefinekeys 2019-12-19 v1.6 Define keys (HO)
)
(/usr/share/texlive/texmf-dist/tex/generic/pdfescape/pdfescape.sty
Package: pdfescape 2019/12/09 v1.15 Implements pdfTeX's escape features (HO)
)
(/usr/share/texlive/texmf-dist/tex/latex/hycolor/hycolor.sty
Package: hycolor 2020-01-27 v1.10 Color options for hyperref/bookmark (HO)
)
(/usr/share/texlive/texmf-dist/tex/latex/letltxmacro/letltxmacro.sty
Package: letltxmacro 2019/12/03 v1.6 Let assignment for LaTeX macros (HO)
)
(/usr/share/texlive/texmf-dist/tex/latex/auxhook/auxhook.sty
Package: auxhook 2019-12-17 v1.6 Hooks for auxiliary files (HO)
)
(/usr/share/texlive/texmf-dist/tex/latex/kvoptions/kvoptions.sty
Package: kvoptions 2019/11/29 v3.13 Key value format for package options (HO)
)
\@linkdim=\dimen178
\Hy@linkcounter=\count286
\Hy@pagecounter=\count287

(/usr/share/texlive/texmf-dist/tex/latex/hyperref/pd1enc.def
File: pd1enc.def 2020/01/14 v7.00d Hyperref: PDFDocEncoding definition (HO)
Now handling font encoding PD1 ...
... no UTF-8 mapping file for font encoding PD1
)
(/usr/share/texlive/texmf-dist/tex/generic/intcalc/intcalc.sty
Package: intcalc 2019/12/15 v1.3 Expandable calculations with integers (HO)
)
(/usr/share/texlive/texmf-dist/tex/generic/etexcmds/etexcmds.sty
Package: etexcmds 2019/12/15 v1.7 Avoid name clashes with e-TeX commands (HO)
)
\Hy@SavedSpaceFactor=\count288
\pdfmajorversion=\count289
Package hyperref Info: Hyper figures OFF on input line 4547.
Package hyperref Info: Link nesting OFF on input line 4552.
Package hyperref Info: Hyper index ON on input line 4555.
Package hyperref Info: Plain pages OFF on input line 4562.
Package hyperref Info: Backreferencing OFF on input line 4567.
Package hyperref Info: Implicit mode ON; LaTeX internals redefined.
Package hyperref Info: Bookmarks ON on input line 4800.
\c@Hy@tempcnt=\count290

(/usr/share/texlive/texmf-dist/tex/latex/url/url.sty
\Urlmuskip=\muskip17
Package: url 2013/09/16  ver 3.4  Verb mode for urls, etc.
)
LaTeX Info: Redefining \url on input line 5159.
\XeTeXLinkMargin=\dimen179

(/usr/share/texlive/texmf-dist/tex/generic/bitset/bitset.sty
Package: bitset 2019/12/09 v1.3 Handle bit-vector datatype (HO)

(/usr/share/texlive/texmf-dist/tex/generic/bigintcalc/bigintcalc.sty
Package: bigintcalc 2019/12/15 v1.5 Expandable calculations on big integers (HO
)
))
\Fld@menulength=\count291
\Field@Width=\dimen180
\Fld@charsize=\dimen181
Package hyperref Info: Hyper figures OFF on input line 6430.
Package hyperref Info: Link nesting OFF on input line 6435.
Package hyperref Info: Hyper index ON on input line 6438.
Package hyperref Info: backreferencing OFF on input line 6445.
Package hyperref Info: Link coloring OFF on input line 6450.
Package hyperref Info: Link coloring with OCG OFF on input line 6455.
Package hyperref Info: PDF/A mode OFF on input line 6460.
LaTeX Info: Redefining \ref on input line 6500.
LaTeX Info: Redefining \pageref on input line 6504.
\Hy@abspage=\count292
\c@Item=\count293
\c@Hfootnote=\count294
)
Package hyperref Info: Driver (autodetected): hpdftex.

(/usr/share/texlive/texmf-dist/tex/latex/hyperref/hpdftex.def
File: hpdftex.def 2020/01/14 v7.00d Hyperref driver for pdfTeX

(/usr/share/texlive/texmf-dist/tex/latex/atveryend/atveryend.sty
Package: atveryend 2019-12-11 v1.11 Hooks at the very end of document (HO)
Package atveryend Info: \AP@enddocument detected (standard20110627).
)
\Fld@listcount=\count295
\c@bookmark@seq@number=\count296

(/usr/share/texlive/texmf-dist/tex/latex/rerunfilecheck/rerunfilecheck.sty
Package: rerunfilecheck 2019/12/05 v1.9 Rerun checks for auxiliary files (HO)

(/usr/share/texlive/texmf-dist/tex/generic/uniquecounter/uniquecounter.sty
Package: uniquecounter 2019/12/15 v1.4 Provide unlimited unique counter (HO)
)
Package uniquecounter Info: New unique counter `rerunfilecheck' on input line 2
86.
)
\Hy@SectionHShift=\skip62
)
(/usr/share/texlive/texmf-dist/tex/latex/booktabs/booktabs.sty
Package: booktabs 2020/01/12 v1.61803398 Publication quality tables
\heavyrulewidth=\dimen182
\lightrulewidth=\dimen183
\cmidrulewidth=\dimen184
\belowrulesep=\dimen185
\belowbottomsep=\dimen186
\aboverulesep=\dimen187
\abovetopsep=\dimen188
\cmidrulesep=\dimen189
\cmidrulekern=\dimen190
\defaultaddspace=\dimen191
\@cmidla=\count297
\@cmidlb=\count298
\@aboverulesep=\dimen192
\@belowrulesep=\dimen193
\@thisruleclass=\count299
\@lastruleclass=\count300
\@thisrulewidth=\dimen194
)
(/usr/share/texlive/texmf-dist/tex/latex/threeparttable/threeparttable.sty
Package: threeparttable 2003/06/13  v 3.0
\@tempboxb=\box59
)
(/usr/share/texlive/texmf-dist/tex/latex/multirow/multirow.sty
Package: multirow 2019/05/31 v2.5 Span multiple rows of a table
\multirow@colwidth=\skip63
\multirow@cntb=\count301
\multirow@dima=\skip64
\bigstrutjot=\dimen195
)
(/usr/share/texlive/texmf-dist/tex/latex/caption/caption.sty
Package: caption 2020/01/03 v3.4h Customizing captions (AR)

(/usr/share/texlive/texmf-dist/tex/latex/caption/caption3.sty
Package: caption3 2020/01/03 v1.8h caption3 kernel (AR)
Package caption3 Info: TeX engine: e-TeX on input line 61.
\captionmargin=\dimen196
\captionmargin@=\dimen197
\captionwidth=\dimen198
\caption@tempdima=\dimen199
\caption@indent=\dimen256
\caption@parindent=\dimen257
\caption@hangindent=\dimen258
Package caption Info: Standard document class detected.
)
\c@caption@flags=\count302
\c@continuedfloat=\count303
Package caption Info: hyperref package is loaded.
Package caption Info: threeparttable package is loaded.
)
(/usr/share/texlive/texmf-dist/tex/latex/import/import.sty
Package: import 2009/03/23  v 5.1
)
(/usr/share/texlive/texmf-dist/tex/latex/csquotes/csquotes.sty
Package: csquotes 2019-12-06 v5.2j context-sensitive quotations (JAW)

(/usr/share/texlive/texmf-dist/tex/latex/etoolbox/etoolbox.sty
Package: etoolbox 2019/09/21 v2.5h e-TeX tools for LaTeX (JAW)
\etb@tempcnta=\count304
)
\csq@reset=\count305
\csq@gtype=\count306
\csq@glevel=\count307
\csq@qlevel=\count308
\csq@maxlvl=\count309
\csq@tshold=\count310
\csq@ltx@everypar=\toks28

(/usr/share/texlive/texmf-dist/tex/latex/csquotes/csquotes.def
File: csquotes.def 2019-12-06 v5.2j csquotes generic definitions (JAW)
)
Package csquotes Info: Trying to load configuration file 'csquotes.cfg'...
Package csquotes Info: ... configuration file loaded successfully.

(/usr/share/texlive/texmf-dist/tex/latex/csquotes/csquotes.cfg
File: csquotes.cfg 
)
Package csquotes Info: Enabling multilingual quotes.
)
(/usr/share/texlive/texmf-dist/tex/latex/biblatex/biblatex.sty
Package: biblatex 2019/12/01 v3.14 programmable bibliographies (PK/MW)

(/usr/share/texlive/texmf-dist/tex/latex/logreq/logreq.sty
Package: logreq 2010/08/04 v1.0 xml request logger
\lrq@indent=\count311

(/usr/share/texlive/texmf-dist/tex/latex/logreq/logreq.def
File: logreq.def 2010/08/04 v1.0 logreq spec v1.0
))
(/usr/share/texlive/texmf-dist/tex/latex/base/ifthen.sty
Package: ifthen 2014/09/29 v1.1c Standard LaTeX ifthen package (DPC)
)
\c@tabx@nest=\count312
\c@listtotal=\count313
\c@listcount=\count314
\c@liststart=\count315
\c@liststop=\count316
\c@citecount=\count317
\c@citetotal=\count318
\c@multicitecount=\count319
\c@multicitetotal=\count320
\c@instcount=\count321
\c@maxnames=\count322
\c@minnames=\count323
\c@maxitems=\count324
\c@minitems=\count325
\c@citecounter=\count326
\c@maxcitecounter=\count327
\c@savedcitecounter=\count328
\c@uniquelist=\count329
\c@uniquename=\count330
\c@refsection=\count331
\c@refsegment=\count332
\c@maxextratitle=\count333
\c@maxextratitleyear=\count334
\c@maxextraname=\count335
\c@maxextradate=\count336
\c@maxextraalpha=\count337
\c@abbrvpenalty=\count338
\c@highnamepenalty=\count339
\c@lownamepenalty=\count340
\c@maxparens=\count341
\c@parenlevel=\count342
\blx@tempcnta=\count343
\blx@tempcntb=\count344
\blx@tempcntc=\count345
\blx@maxsection=\count346
\blx@maxsegment@0=\count347
\blx@notetype=\count348
\blx@parenlevel@text=\count349
\blx@parenlevel@foot=\count350
\blx@sectionciteorder@0=\count351
\blx@entrysetcounter=\count352
\labelnumberwidth=\skip65
\labelalphawidth=\skip66
\biblabelsep=\skip67
\bibitemsep=\skip68
\bibnamesep=\skip69
\bibinitsep=\skip70
\bibparsep=\skip71
\bibhang=\skip72
\blx@bcfin=\read4
\blx@bcfout=\write4
\blx@langwohyphens=\language8
\c@mincomprange=\count353
\c@maxcomprange=\count354
\c@mincompwidth=\count355
Package biblatex Info: Trying to load biblatex default data model...
Package biblatex Info: ... file 'blx-dm.def' found.

(/usr/share/texlive/texmf-dist/tex/latex/biblatex/blx-dm.def
File: blx-dm.def 2019/12/01 v3.14 biblatex localization (PK/MW)
)
Package biblatex Info: Trying to load biblatex style data model...
Package biblatex Info: ... file 'numeric-comp.dbx' not found.
Package biblatex Info: Trying to load biblatex custom data model...
Package biblatex Info: ... file 'biblatex-dm.cfg' not found.
\c@afterword=\count356
\c@savedafterword=\count357
\c@annotator=\count358
\c@savedannotator=\count359
\c@author=\count360
\c@savedauthor=\count361
\c@bookauthor=\count362
\c@savedbookauthor=\count363
\c@commentator=\count364
\c@savedcommentator=\count365
\c@editor=\count366
\c@savededitor=\count367
\c@editora=\count368
\c@savededitora=\count369
\c@editorb=\count370
\c@savededitorb=\count371
\c@editorc=\count372
\c@savededitorc=\count373
\c@foreword=\count374
\c@savedforeword=\count375
\c@holder=\count376
\c@savedholder=\count377
\c@introduction=\count378
\c@savedintroduction=\count379
\c@namea=\count380
\c@savednamea=\count381
\c@nameb=\count382
\c@savednameb=\count383
\c@namec=\count384
\c@savednamec=\count385
\c@translator=\count386
\c@savedtranslator=\count387
\c@shortauthor=\count388
\c@savedshortauthor=\count389
\c@shorteditor=\count390
\c@savedshorteditor=\count391
\c@labelname=\count392
\c@savedlabelname=\count393
\c@institution=\count394
\c@savedinstitution=\count395
\c@lista=\count396
\c@savedlista=\count397
\c@listb=\count398
\c@savedlistb=\count399
\c@listc=\count400
\c@savedlistc=\count401
\c@listd=\count402
\c@savedlistd=\count403
\c@liste=\count404
\c@savedliste=\count405
\c@listf=\count406
\c@savedlistf=\count407
\c@location=\count408
\c@savedlocation=\count409
\c@organization=\count410
\c@savedorganization=\count411
\c@origlocation=\count412
\c@savedoriglocation=\count413
\c@origpublisher=\count414
\c@savedorigpublisher=\count415
\c@publisher=\count416
\c@savedpublisher=\count417
\c@language=\count418
\c@savedlanguage=\count419
\c@origlanguage=\count420
\c@savedoriglanguage=\count421
\c@pageref=\count422
\c@savedpageref=\count423
\shorthandwidth=\skip73
\shortjournalwidth=\skip74
\shortserieswidth=\skip75
\shorttitlewidth=\skip76
\shortauthorwidth=\skip77
\shorteditorwidth=\skip78
\locallabelnumberwidth=\skip79
\locallabelalphawidth=\skip80
\localshorthandwidth=\skip81
\localshortjournalwidth=\skip82
\localshortserieswidth=\skip83
\localshorttitlewidth=\skip84
\localshortauthorwidth=\skip85
\localshorteditorwidth=\skip86
Package biblatex Info: Trying to load compatibility code...
Package biblatex Info: ... file 'blx-compat.def' found.

(/usr/share/texlive/texmf-dist/tex/latex/biblatex/blx-compat.def
File: blx-compat.def 2019/12/01 v3.14 biblatex compatibility (PK/MW)
)
Package biblatex Info: Trying to load generic definitions...
Package biblatex Info: ... file 'biblatex.def' found.

(/usr/share/texlive/texmf-dist/tex/latex/biblatex/biblatex.def
File: biblatex.def 2019/12/01 v3.14 biblatex compatibility (PK/MW)
\c@textcitecount=\count424
\c@textcitetotal=\count425
\c@textcitemaxnames=\count426
\c@biburlbigbreakpenalty=\count427
\c@biburlbreakpenalty=\count428
\c@biburlnumpenalty=\count429
\c@biburlucpenalty=\count430
\c@biburllcpenalty=\count431
\biburlbigskip=\muskip18
\biburlnumskip=\muskip19
\biburlucskip=\muskip20
\biburllcskip=\muskip21
\c@smartand=\count432
)
Package biblatex Info: Trying to load bibliography style 'numeric-comp'...
Package biblatex Info: ... file 'numeric-comp.bbx' found.

(/usr/share/texlive/texmf-dist/tex/latex/biblatex/bbx/numeric-comp.bbx
File: numeric-comp.bbx 2019/12/01 v3.14 biblatex bibliography style (PK/MW)
Package biblatex Info: Trying to load bibliography style 'numeric'...
Package biblatex Info: ... file 'numeric.bbx' found.

(/usr/share/texlive/texmf-dist/tex/latex/biblatex/bbx/numeric.bbx
File: numeric.bbx 2019/12/01 v3.14 biblatex bibliography style (PK/MW)
Package biblatex Info: Trying to load bibliography style 'standard'...
Package biblatex Info: ... file 'standard.bbx' found.

(/usr/share/texlive/texmf-dist/tex/latex/biblatex/bbx/standard.bbx
File: standard.bbx 2019/12/01 v3.14 biblatex bibliography style (PK/MW)
\c@bbx:relatedcount=\count433
\c@bbx:relatedtotal=\count434
)))
Package biblatex Info: Trying to load citation style 'numeric-comp'...
Package biblatex Info: ... file 'numeric-comp.cbx' found.

(/usr/share/texlive/texmf-dist/tex/latex/biblatex/cbx/numeric-comp.cbx
File: numeric-comp.cbx 2019/12/01 v3.14 biblatex citation style (PK/MW)
\c@cbx@tempcnta=\count435
\c@cbx@tempcntb=\count436
Package biblatex Info: Redefining '\cite'.
Package biblatex Info: Redefining '\parencite'.
Package biblatex Info: Redefining '\footcite'.
Package biblatex Info: Redefining '\footcitetext'.
Package biblatex Info: Redefining '\smartcite'.
Package biblatex Info: Redefining '\supercite'.
Package biblatex Info: Redefining '\textcite'.
Package biblatex Info: Redefining '\textcites'.
Package biblatex Info: Redefining '\cites'.
Package biblatex Info: Redefining '\parencites'.
Package biblatex Info: Redefining '\smartcites'.
)
Package biblatex Info: Trying to load configuration file...
Package biblatex Info: ... file 'biblatex.cfg' found.

(/usr/share/texlive/texmf-dist/tex/latex/biblatex/biblatex.cfg
File: biblatex.cfg 
))
(/usr/share/texlive/texmf-dist/tex/latex/fancyvrb/fancyvrb.sty
Package: fancyvrb 2020/01/13 v3.5 verbatim text (tvz,hv)
\FV@CodeLineNo=\count437
\FV@InFile=\read5
\FV@TabBox=\box60
\c@FancyVerbLine=\count438
\FV@StepNumber=\count439
\FV@OutFile=\write5
)
(/usr/share/texlive/texmf-dist/tex/latex/fancyhdr/fancyhdr.sty
Package: fancyhdr 2019/01/31 v3.10 Extensive control of page headers and footer
s
\f@nch@headwidth=\skip87
\f@nch@O@elh=\skip88
\f@nch@O@erh=\skip89
\f@nch@O@olh=\skip90
\f@nch@O@orh=\skip91
\f@nch@O@elf=\skip92
\f@nch@O@erf=\skip93
\f@nch@O@olf=\skip94
\f@nch@O@orf=\skip95
)
(/usr/share/texlive/texmf-dist/tex/latex/soul/soul.sty
Package: soul 2003/11/17 v2.4 letterspacing/underlining (mf)
\SOUL@word=\toks29
\SOUL@lasttoken=\toks30
\SOUL@cmds=\toks31
\SOUL@buffer=\toks32
\SOUL@token=\toks33
\SOUL@spaceskip=\skip96
\SOUL@ttwidth=\dimen259
\SOUL@uldp=\dimen260
\SOUL@ulht=\dimen261
)
(/usr/share/texlive/texmf-dist/tex/latex/xcolor/xcolor.sty
Package: xcolor 2016/05/11 v2.12 LaTeX color extensions (UK)

(/usr/share/texlive/texmf-dist/tex/latex/graphics-cfg/color.cfg
File: color.cfg 2016/01/02 v1.6 sample color configuration
)
Package xcolor Info: Driver file: pdftex.def on input line 225.
Package xcolor Info: Model `cmy' substituted by `cmy0' on input line 1348.
Package xcolor Info: Model `hsb' substituted by `rgb' on input line 1352.
Package xcolor Info: Model `RGB' extended on input line 1364.
Package xcolor Info: Model `HTML' substituted by `rgb' on input line 1366.
Package xcolor Info: Model `Hsb' substituted by `hsb' on input line 1367.
Package xcolor Info: Model `tHsb' substituted by `hsb' on input line 1368.
Package xcolor Info: Model `HSB' substituted by `hsb' on input line 1369.
Package xcolor Info: Model `Gray' substituted by `gray' on input line 1370.
Package xcolor Info: Model `wave' substituted by `hsb' on input line 1371.
)
Package csquotes Info: Checking for multilingual support...
Package csquotes Info: ... found 'babel' package.
 (./thesis.aux)
\openout1 = `thesis.aux'.

LaTeX Font Info:    Checking defaults for OML/cmm/m/it on input line 106.
LaTeX Font Info:    ... okay on input line 106.
LaTeX Font Info:    Checking defaults for OMS/cmsy/m/n on input line 106.
LaTeX Font Info:    ... okay on input line 106.
LaTeX Font Info:    Checking defaults for OT1/cmr/m/n on input line 106.
LaTeX Font Info:    ... okay on input line 106.
LaTeX Font Info:    Checking defaults for T1/cmr/m/n on input line 106.
LaTeX Font Info:    ... okay on input line 106.
LaTeX Font Info:    Checking defaults for TS1/cmr/m/n on input line 106.
LaTeX Font Info:    ... okay on input line 106.
LaTeX Font Info:    Checking defaults for OMX/cmex/m/n on input line 106.
LaTeX Font Info:    ... okay on input line 106.
LaTeX Font Info:    Checking defaults for U/cmr/m/n on input line 106.
LaTeX Font Info:    ... okay on input line 106.
LaTeX Font Info:    Checking defaults for PD1/pdf/m/n on input line 106.
LaTeX Font Info:    ... okay on input line 106.

*geometry* driver: auto-detecting
*geometry* detected driver: pdftex
*geometry* verbose mode - [ preamble ] result:
* driver: pdftex
* paper: a4paper
* layout: <same size as paper>
* layoutoffset:(h,v)=(0.0pt,0.0pt)
* bindingoffset: 28.45274pt
* modes: twoside heightrounded 
* h-part:(L,W,R)=(65.44142pt, 438.17229pt, 65.44142pt)
* v-part:(T,H,B)=(71.13188pt, 708.47354pt, 65.44142pt)
* \paperwidth=597.50787pt
* \paperheight=845.04684pt
* \textwidth=438.17229pt
* \textheight=706.0pt
* \oddsidemargin=21.62418pt
* \evensidemargin=-6.82857pt
* \topmargin=-31.2056pt
* \headheight=12.0pt
* \headsep=18.06749pt
* \topskip=10.0pt
* \footskip=25.29494pt
* \marginparwidth=115.0pt
* \marginparsep=7.0pt
* \columnsep=10.0pt
* \skip\footins=9.0pt plus 4.0pt minus 2.0pt
* \hoffset=0.0pt
* \voffset=0.0pt
* \mag=1000
* \@twocolumnfalse
* \@twosidetrue
* \@mparswitchtrue
* \@reversemarginfalse
* (1in=72.27pt=25.4mm, 1cm=28.453pt)

(/usr/share/texlive/texmf-dist/tex/context/base/mkii/supp-pdf.mkii
[Loading MPS to PDF converter (version 2006.09.02).]
\scratchcounter=\count440
\scratchdimen=\dimen262
\scratchbox=\box61
\nofMPsegments=\count441
\nofMParguments=\count442
\everyMPshowfont=\toks34
\MPscratchCnt=\count443
\MPscratchDim=\dimen263
\MPnumerator=\count444
\makeMPintoPDFobject=\count445
\everyMPtoPDFconversion=\toks35
) (/usr/share/texlive/texmf-dist/tex/latex/epstopdf-pkg/epstopdf-base.sty
Package: epstopdf-base 2020-01-24 v2.11 Base part for package epstopdf
Package epstopdf-base Info: Redefining graphics rule for `.eps' on input line 4
85.

(/usr/share/texlive/texmf-dist/tex/latex/latexconfig/epstopdf-sys.cfg
File: epstopdf-sys.cfg 2010/07/13 v1.3 Configuration of (r)epstopdf for TeX Liv
e
))
\AtBeginShipoutBox=\box62

(/usr/share/texlive/texmf-dist/tex/latex/translator/translator-basic-dictionary
-English.dict
Dictionary: translator-basic-dictionary, Language: English 
)
(/usr/share/texlive/texmf-dist/tex/latex/siunitx/siunitx-abbreviations.cfg
File: siunitx-abbreviations.cfg 2017/11/26 v2.7k siunitx: Abbreviated units
)
Package hyperref Info: Link coloring OFF on input line 106.

(/usr/share/texlive/texmf-dist/tex/latex/hyperref/nameref.sty
Package: nameref 2019/09/16 v2.46 Cross-referencing by name of section

(/usr/share/texlive/texmf-dist/tex/latex/refcount/refcount.sty
Package: refcount 2019/12/15 v3.6 Data extraction from label references (HO)
)
(/usr/share/texlive/texmf-dist/tex/generic/gettitlestring/gettitlestring.sty
Package: gettitlestring 2019/12/15 v1.6 Cleanup title references (HO)
)
\c@section@level=\count446
LaTeX Info: Redefining \Ref on input line 520.
)
LaTeX Info: Redefining \ref on input line 106.
LaTeX Info: Redefining \pageref on input line 106.
LaTeX Info: Redefining \nameref on input line 106.

(./thesis.out) (./thesis.out)
\@outlinefile=\write6
\openout6 = `thesis.out'.

LaTeX Info: Redefining \Ref on input line 106.
Package caption Info: Begin \AtBeginDocument code.
Package caption Info: End \AtBeginDocument code.
Package biblatex Info: Trying to load language 'english'...
Package biblatex Info: ... file 'english.lbx' found.

(/usr/share/texlive/texmf-dist/tex/latex/biblatex/lbx/english.lbx
File: english.lbx 2019/12/01 v3.14 biblatex localization (PK/MW)
)
Package biblatex Info: Input encoding 'utf8' detected.
Package biblatex Info: Automatic encoding selection.
(biblatex)             Assuming data encoding 'utf8'.
\openout4 = `thesis.bcf'.

Package biblatex Info: Trying to load bibliographic data...
Package biblatex Info: ... file 'thesis.bbl' found.

(./thesis.bbl)
Package biblatex Info: Reference section=0 on input line 106.
Package biblatex Info: Reference segment=0 on input line 106.
LaTeX Font Info:    Trying to load font information for U+msa on input line 106
.
 (/usr/share/texlive/texmf-dist/tex/latex/amsfonts/umsa.fd
File: umsa.fd 2013/01/14 v3.01 AMS symbols A
)
LaTeX Font Info:    Trying to load font information for U+msb on input line 106
.

(/usr/share/texlive/texmf-dist/tex/latex/amsfonts/umsb.fd
File: umsb.fd 2013/01/14 v3.01 AMS symbols B
)
<thesis-frn.pdf, id=217, 597.50829pt x 845.0471pt>
File: thesis-frn.pdf Graphic file (type pdf)
<use thesis-frn.pdf>
Package pdftex.def Info: thesis-frn.pdf  used on input line 109.
(pdftex.def)             Requested size: 597.50682pt x 845.04504pt.
 [1



 <./thesis-frn.pdf{/var/lib/texmf/fonts/map/pdftex/updmap/pdftex.map}>] [2] [3]
 [4


] (./thesis.toc [5])
\tf@toc=\write7
\openout7 = `thesis.toc'.

 [6]
Chapter 1.
[1


]
Underfull \hbox (badness 10000) in paragraph at lines 203--204

 []

[2]
Underfull \hbox (badness 10000) in paragraph at lines 226--227

 []

<./images/GW150914.png, id=398, 839.38594pt x 678.28406pt>
File: ./images/GW150914.png Graphic file (type png)
<use ./images/GW150914.png>
Package pdftex.def Info: ./images/GW150914.png  used on input line 257.
(pdftex.def)             Requested size: 438.17229pt x 354.0759pt.

LaTeX Warning: `h' float specifier changed to `ht'.

[3]
<./images/sensitivity.png, id=419, 795.72281pt x 701.62125pt>
File: ./images/sensitivity.png Graphic file (type png)
<use ./images/sensitivity.png>
Package pdftex.def Info: ./images/sensitivity.png  used on input line 267.
(pdftex.def)             Requested size: 205.9415pt x 181.58215pt.
<./images/O3BNSrange.png, id=420, 773.89125pt x 565.36218pt>
File: ./images/O3BNSrange.png Graphic file (type png)
<use ./images/O3BNSrange.png>
Package pdftex.def Info: ./images/O3BNSrange.png  used on input line 272.
(pdftex.def)             Requested size: 236.87637pt x 173.0434pt.

Overfull \hbox (4.6456pt too wide) in paragraph at lines 272--273
 [][] 
 []


Overfull \hbox (2.22166pt too wide) in paragraph at lines 265--274
[]$[]$  $[]$ 
 []


LaTeX Warning: `h' float specifier changed to `ht'.

<./images/ETsensitivity.png, id=423, 609.02531pt x 456.20438pt>
File: ./images/ETsensitivity.png Graphic file (type png)
<use ./images/ETsensitivity.png>
Package pdftex.def Info: ./images/ETsensitivity.png  used on input line 282.
(pdftex.def)             Requested size: 214.70682pt x 160.82945pt.
<./images/EThorizon.png, id=424, 609.02531pt x 456.20438pt>
File: ./images/EThorizon.png Graphic file (type png)
<use ./images/EThorizon.png>
Package pdftex.def Info: ./images/EThorizon.png  used on input line 288.
(pdftex.def)             Requested size: 219.00186pt x 164.04549pt.

Overfull \hbox (4.29504pt too wide) in paragraph at lines 288--289
 [][] 
 []


LaTeX Warning: `h' float specifier changed to `ht'.

[4 <./images/GW150914.png (PNG copy)>]
Underfull \hbox (badness 10000) in paragraph at lines 307--308

 []

[5 <./images/sensitivity.png (PNG copy)> <./images/O3BNSrange.png (PNG copy)> <
./images/ETsensitivity.png (PNG copy)> <./images/EThorizon.png (PNG copy)>]
Underfull \hbox (badness 10000) in paragraph at lines 323--324

 []

<./images/MassMergerRate.png, id=461, 748.29562pt x 411.03563pt>
File: ./images/MassMergerRate.png Graphic file (type png)
<use ./images/MassMergerRate.png>
Package pdftex.def Info: ./images/MassMergerRate.png  used on input line 350.
(pdftex.def)             Requested size: 262.90604pt x 144.41028pt.
<./images/MassCumulative.png, id=462, 594.72188pt x 470.50781pt>
File: ./images/MassCumulative.png Graphic file (type png)
<use ./images/MassCumulative.png>
Package pdftex.def Info: ./images/MassCumulative.png  used on input line 356.
(pdftex.def)             Requested size: 170.88692pt x 135.19455pt.
[6]
<./images/spinmagnitude.png, id=485, 466.74374pt x 339.51843pt>
File: ./images/spinmagnitude.png Graphic file (type png)
<use ./images/spinmagnitude.png>
Package pdftex.def Info: ./images/spinmagnitude.png  used on input line 381.
(pdftex.def)             Requested size: 214.70682pt x 156.18036pt.
<./images/spinmagnitudehighlow.png, id=486, 665.48625pt x 493.845pt>
File: ./images/spinmagnitudehighlow.png Graphic file (type png)
<use ./images/spinmagnitudehighlow.png>
Package pdftex.def Info: ./images/spinmagnitudehighlow.png  used on input line 
387.
(pdftex.def)             Requested size: 209.34045pt x 155.34346pt.


LaTeX Warning: `!h' float specifier changed to `!ht'.

<./images/spineff.png, id=489, 670.00313pt x 490.08093pt>
File: ./images/spineff.png Graphic file (type png)
<use ./images/spineff.png>
Package pdftex.def Info: ./images/spineff.png  used on input line 396.
(pdftex.def)             Requested size: 214.70682pt x 157.04596pt.
<./images/spinorientation.png, id=490, 463.7325pt x 331.2375pt>
File: ./images/spinorientation.png Graphic file (type png)
<use ./images/spinorientation.png>
Package pdftex.def Info: ./images/spinorientation.png  used on input line 402.
(pdftex.def)             Requested size: 206.11998pt x 147.2309pt.

LaTeX Warning: `!h' float specifier changed to `!ht'.

<./images/spinmassratio.png, id=493, 706.13812pt x 532.99126pt>
File: ./images/spinmassratio.png Graphic file (type png)
<use ./images/spinmassratio.png>
Package pdftex.def Info: ./images/spinmassratio.png  used on input line 410.
(pdftex.def)             Requested size: 214.70682pt x 162.06192pt.
<./images/spinchirpmass.png, id=494, 560.0925pt x 432.11438pt>
File: ./images/spinchirpmass.png Graphic file (type png)
<use ./images/spinchirpmass.png>
Package pdftex.def Info: ./images/spinchirpmass.png  used on input line 416.
(pdftex.def)             Requested size: 203.97081pt x 157.36768pt.

LaTeX Warning: `!h' float specifier changed to `!ht'.


Overfull \hbox (66.58084pt too wide) in paragraph at lines 426--427
\T1/cmr/bx/n/10 sull'interpretazione di GWTC-3 (https://ui.adsabs.harvard.edu/a
bs/2021arXiv211103634T/abstract)
 []

[7 <./images/MassMergerRate.png (PNG copy)> <./images/MassCumulative.png (PNG c
opy)>]

LaTeX Warning: Text page 8 contains only floats.


Overfull \vbox (0.72755pt too high) has occurred while \output is active []


[8 <./images/spinmagnitude.png (PNG copy)> <./images/spinmagnitudehighlow.png (
PNG copy)> <./images/spineff.png (PNG copy)> <./images/spinorientation.png (PNG
 copy)> <./images/spinmassratio.png (PNG copy)> <./images/spinchirpmass.png (PN
G copy)>] [9]
<./images/accretiondiskSED.png, id=539, 421.575pt x 306.39468pt>
File: ./images/accretiondiskSED.png Graphic file (type png)
<use ./images/accretiondiskSED.png>
Package pdftex.def Info: ./images/accretiondiskSED.png  used on input line 459.

(pdftex.def)             Requested size: 254.14072pt x 184.70781pt.
<./images/accretiondiskFeKalphaline.png, id=540, 475.7775pt x 478.78876pt>
File: ./images/accretiondiskFeKalphaline.png Graphic file (type png)
<use ./images/accretiondiskFeKalphaline.png>
Package pdftex.def Info: ./images/accretiondiskFeKalphaline.png  used on input 
line 465.
(pdftex.def)             Requested size: 184.03156pt x 185.19997pt.

Overfull \hbox (2.22166pt too wide) in paragraph at lines 457--467
[]$[]$  $[]$ 
 []


Underfull \hbox (badness 10000) in paragraph at lines 476--477

 []

[10 <./images/accretiondiskSED.png (PNG copy)> <./images/accretiondiskFeKalphal
ine.png (PNG copy)>]
Underfull \hbox (badness 10000) in paragraph at lines 484--485

 []


Underfull \hbox (badness 10000) in paragraph at lines 496--497

 []


Underfull \hbox (badness 10000) in paragraph at lines 505--506

 []

[11]
Underfull \hbox (badness 10000) in paragraph at lines 509--510

 []

<./images/spinreflection.png, id=580, 615.80063pt x 472.01344pt>
File: ./images/spinreflection.png Graphic file (type png)
<use ./images/spinreflection.png>
Package pdftex.def Info: ./images/spinreflection.png  used on input line 519.
(pdftex.def)             Requested size: 210.32082pt x 161.20987pt.
<./images/spincontinuum.png, id=581, 614.295pt x 459.21562pt>
File: ./images/spincontinuum.png Graphic file (type png)
<use ./images/spincontinuum.png>
Package pdftex.def Info: ./images/spincontinuum.png  used on input line 525.
(pdftex.def)             Requested size: 214.70682pt x 160.50365pt.

Underfull \vbox (badness 10000) has occurred while \output is active []

 [12 <./images/spinreflection.png (PNG copy)> <./images/spincontinuum.png (PNG 
copy)>]
<./images/tensionHMXBHmass.png, id=598, 917.67844pt x 597.73312pt>
File: ./images/tensionHMXBHmass.png Graphic file (type png)
<use ./images/tensionHMXBHmass.png>
Package pdftex.def Info: ./images/tensionHMXBHmass.png  used on input line 538.

(pdftex.def)             Requested size: 214.70682pt x 139.84709pt.
<./images/tensionLMXBHmass.png, id=599, 925.20656pt x 602.25pt>
File: ./images/tensionLMXBHmass.png Graphic file (type png)
<use ./images/tensionLMXBHmass.png>
Package pdftex.def Info: ./images/tensionLMXBHmass.png  used on input line 544.

(pdftex.def)             Requested size: 214.70682pt x 139.75517pt.

Underfull \hbox (badness 10000) in paragraph at lines 550--551

 []


Underfull \hbox (badness 10000) in paragraph at lines 554--555

 []

[13 <./images/tensionHMXBHmass.png (PNG copy)> <./images/tensionLMXBHmass.png (
PNG copy)>]
<./images/tensionspin.png, id=619, 926.71219pt x 591.71063pt>
File: ./images/tensionspin.png Graphic file (type png)
<use ./images/tensionspin.png>
Package pdftex.def Info: ./images/tensionspin.png  used on input line 563.
(pdftex.def)             Requested size: 214.70682pt x 137.08374pt.
<./images/tensionspinHMXBHlike.png, id=620, 935.74594pt x 607.51968pt>
File: ./images/tensionspinHMXBHlike.png Graphic file (type png)
<use ./images/tensionspinHMXBHlike.png>
Package pdftex.def Info: ./images/tensionspinHMXBHlike.png  used on input line 
569.
(pdftex.def)             Requested size: 214.70682pt x 139.39287pt.

Underfull \hbox (badness 10000) in paragraph at lines 576--577

 []

[14 <./images/tensionspin.png (PNG copy)> <./images/tensionspinHMXBHlike.png (P
NG copy)>]
Underfull \hbox (badness 10000) in paragraph at lines 582--583

 []

[15] [16

]
Chapter 2.
<./images/Sana2012MTfate.png, id=654, 710.655pt x 563.10374pt>
File: ./images/Sana2012MTfate.png Graphic file (type png)
<use ./images/Sana2012MTfate.png>
Package pdftex.def Info: ./images/Sana2012MTfate.png  used on input line 602.
(pdftex.def)             Requested size: 284.80931pt x 225.6757pt.
[17 <./images/Sana2012MTfate.png (PNG copy)>] [18]
<./images/MLrelation.png, id=690, 597.73312pt x 436.63126pt>
File: ./images/MLrelation.png Graphic file (type png)
<use ./images/MLrelation.png>
Package pdftex.def Info: ./images/MLrelation.png  used on input line 660.
(pdftex.def)             Requested size: 201.82492pt x 147.42664pt.
<./images/stellarwinds.pdf, id=691, 248.03064pt x 166.94371pt>
File: ./images/stellarwinds.pdf Graphic file (type pdf)
<use ./images/stellarwinds.pdf>
Package pdftex.def Info: ./images/stellarwinds.pdf  used on input line 665.
(pdftex.def)             Requested size: 214.70682pt x 144.52148pt.

Underfull \hbox (badness 10000) in paragraph at lines 671--672

 []


Underfull \vbox (badness 1253) has occurred while \output is active []

 [19 <./images/MLrelation.png (PNG copy)> <./images/stellarwinds.pdf>]
Underfull \hbox (badness 10000) in paragraph at lines 683--684

 []


Underfull \hbox (badness 10000) in paragraph at lines 706--707

 []

[20]
Underfull \hbox (badness 10000) in paragraph at lines 719--720

 []

LaTeX Font Info:    Trying to load font information for T1+cmtt on input line 7
36.
(/usr/share/texlive/texmf-dist/tex/latex/base/t1cmtt.fd
File: t1cmtt.fd 2019/12/16 v2.5j Standard LaTeX font definitions
)
LaTeX Font Info:    Font shape `T1/cmtt/bx/n' in size <10> not available
(Font)              Font shape `T1/cmtt/m/n' tried instead on input line 738.

Underfull \hbox (badness 10000) in paragraph at lines 738--739

 []


Underfull \hbox (badness 10000) in paragraph at lines 740--741

 []

<./images/HR_02.pdf, id=755, 867.24pt x 867.24pt>
File: ./images/HR_02.pdf Graphic file (type pdf)
<use ./images/HR_02.pdf>
Package pdftex.def Info: ./images/HR_02.pdf  used on input line 750.
(pdftex.def)             Requested size: 225.44281pt x 225.43738pt.

Overfull \hbox (10.736pt too wide) in paragraph at lines 750--751
 [][] 
 []

<./images/HR_002.pdf, id=756, 867.24pt x 867.24pt>
File: ./images/HR_002.pdf Graphic file (type pdf)
<use ./images/HR_002.pdf>
Package pdftex.def Info: ./images/HR_002.pdf  used on input line 755.
(pdftex.def)             Requested size: 225.44281pt x 225.43738pt.

Overfull \hbox (10.736pt too wide) in paragraph at lines 755--756
 [][] 
 []


LaTeX Warning: `!h' float specifier changed to `!ht'.

<./images/mass_Z02.pdf, id=763, 867.24pt x 867.24pt>
File: ./images/mass_Z02.pdf Graphic file (type pdf)
<use ./images/mass_Z02.pdf>
Package pdftex.def Info: ./images/mass_Z02.pdf  used on input line 764.
(pdftex.def)             Requested size: 225.44281pt x 225.43738pt.

Overfull \hbox (10.736pt too wide) in paragraph at lines 764--765
 [][] 
 []

<./images/preSN.pdf, id=764, 867.24pt x 867.24pt>
File: ./images/preSN.pdf Graphic file (type pdf)
<use ./images/preSN.pdf>
Package pdftex.def Info: ./images/preSN.pdf  used on input line 770.
(pdftex.def)             Requested size: 225.44281pt x 225.43738pt.

Overfull \hbox (10.736pt too wide) in paragraph at lines 770--771
 [][] 
 []


LaTeX Warning: `!h' float specifier changed to `!ht'.


Underfull \hbox (badness 10000) in paragraph at lines 777--778

 []

[21]

LaTeX Warning: Text page 22 contains only floats.

[22 <./images/HR_02.pdf> <./images/HR_002.pdf

pdfTeX warning: /usr/bin/pdflatex (file ./images/HR_002.pdf): PDF inclusion: mu
ltiple pdfs with page group included in a single page
> <./images/mass_Z02.pdf

pdfTeX warning: /usr/bin/pdflatex (file ./images/mass_Z02.pdf): PDF inclusion: 
multiple pdfs with page group included in a single page
> <./images/preSN.pdf

pdfTeX warning: /usr/bin/pdflatex (file ./images/preSN.pdf): PDF inclusion: mul
tiple pdfs with page group included in a single page
>]
Underfull \hbox (badness 10000) in paragraph at lines 803--804

 []


Underfull \hbox (badness 10000) in paragraph at lines 805--806

 []

[23]
Underfull \hbox (badness 10000) in paragraph at lines 810--811

 []

[24]
<./images/masstransfer.pdf, id=892, 867.24pt x 867.24pt>
File: ./images/masstransfer.pdf Graphic file (type pdf)
<use ./images/masstransfer.pdf>
Package pdftex.def Info: ./images/masstransfer.pdf  used on input line 861.
(pdftex.def)             Requested size: 240.9961pt x 240.98616pt.
<./images/Rochepotential.pdf, id=893, 193.68361pt x 200.83833pt>
File: ./images/Rochepotential.pdf Graphic file (type pdf)
<use ./images/Rochepotential.pdf>
Package pdftex.def Info: ./images/Rochepotential.pdf  used on input line 866.
(pdftex.def)             Requested size: 192.79688pt x 199.92766pt.


LaTeX Warning: `h' float specifier changed to `ht'.

[25]
Underfull \hbox (badness 10000) in paragraph at lines 902--903

 []

[26 <./images/masstransfer.pdf> <./images/Rochepotential.pdf

pdfTeX warning: /usr/bin/pdflatex (file ./images/Rochepotential.pdf): PDF inclu
sion: multiple pdfs with page group included in a single page
>]
Underfull \hbox (badness 10000) in paragraph at lines 927--928

 []


Underfull \hbox (badness 10000) in paragraph at lines 929--930

 []


Underfull \hbox (badness 10000) in paragraph at lines 931--932

 []

[27]
<./images/stp_roche.pdf, id=977, 221.14621pt x 221.14621pt>
File: ./images/stp_roche.pdf Graphic file (type pdf)
<use ./images/stp_roche.pdf>
Package pdftex.def Info: ./images/stp_roche.pdf  used on input line 936.
(pdftex.def)             Requested size: 214.70682pt x 214.71065pt.
<./images/core_he_rlof.pdf, id=978, 706.64pt x 677.53125pt>
File: ./images/core_he_rlof.pdf Graphic file (type pdf)
<use ./images/core_he_rlof.pdf>
Package pdftex.def Info: ./images/core_he_rlof.pdf  used on input line 942.
(pdftex.def)             Requested size: 214.70682pt x 205.86618pt.

Underfull \vbox (badness 10000) has occurred while \output is active []

 [28 <./images/stp_roche.pdf> <./images/core_he_rlof.pdf

pdfTeX warning: /usr/bin/pdflatex (file ./images/core_he_rlof.pdf): PDF inclusi
on: multiple pdfs with page group included in a single page
>] (./images/ce_schema.pdf_tex
<./images/ce_schema.pdf, id=1014, page=1, 572.70647pt x 664.34103pt>
File: ./images/ce_schema.pdf Graphic file (type pdf)
<use ./images/ce_schema.pdf, page 1>
Package pdftex.def Info: ./images/ce_schema.pdf , page1 used on input line 56.
(pdftex.def)             Requested size: 394.35237pt x 457.46321pt.
<./images/ce_schema.pdf, id=1015, page=2, 572.70647pt x 664.34103pt>
File: ./images/ce_schema.pdf Graphic file (type pdf)
<use ./images/ce_schema.pdf, page 2>
Package pdftex.def Info: ./images/ce_schema.pdf , page2 used on input line 60.
(pdftex.def)             Requested size: 394.35237pt x 457.46321pt.
<./images/ce_schema.pdf, id=1016, page=3, 572.70647pt x 664.34103pt>
File: ./images/ce_schema.pdf Graphic file (type pdf)
<use ./images/ce_schema.pdf, page 3>
Package pdftex.def Info: ./images/ce_schema.pdf , page3 used on input line 62.
(pdftex.def)             Requested size: 394.35237pt x 457.46321pt.
<./images/ce_schema.pdf, id=1017, page=4, 572.70647pt x 664.34103pt>
File: ./images/ce_schema.pdf Graphic file (type pdf)
<use ./images/ce_schema.pdf, page 4>
Package pdftex.def Info: ./images/ce_schema.pdf , page4 used on input line 64.
(pdftex.def)             Requested size: 394.35237pt x 457.46321pt.
<./images/ce_schema.pdf, id=1018, page=5, 572.70647pt x 664.34103pt>
File: ./images/ce_schema.pdf Graphic file (type pdf)
<use ./images/ce_schema.pdf, page 5>
Package pdftex.def Info: ./images/ce_schema.pdf , page5 used on input line 67.
(pdftex.def)             Requested size: 394.35237pt x 457.46321pt.
<./images/ce_schema.pdf, id=1019, page=6, 572.70647pt x 664.34103pt>
File: ./images/ce_schema.pdf Graphic file (type pdf)
<use ./images/ce_schema.pdf, page 6>
Package pdftex.def Info: ./images/ce_schema.pdf , page6 used on input line 70.
(pdftex.def)             Requested size: 394.35237pt x 457.46321pt.
<./images/ce_schema.pdf, id=1020, page=7, 572.70647pt x 664.34103pt>
File: ./images/ce_schema.pdf Graphic file (type pdf)
<use ./images/ce_schema.pdf, page 7>
Package pdftex.def Info: ./images/ce_schema.pdf , page7 used on input line 72.
(pdftex.def)             Requested size: 394.35237pt x 457.46321pt.
<./images/ce_schema.pdf, id=1021, page=8, 572.70647pt x 664.34103pt>
File: ./images/ce_schema.pdf Graphic file (type pdf)
<use ./images/ce_schema.pdf, page 8>
Package pdftex.def Info: ./images/ce_schema.pdf , page8 used on input line 75.
(pdftex.def)             Requested size: 394.35237pt x 457.46321pt.
)
Underfull \hbox (badness 10000) in paragraph at lines 998--999

 []

[29] [30 <./images/ce_schema.pdf> <./images/ce_schema.pdf

pdfTeX warning: /usr/bin/pdflatex (file ./images/ce_schema.pdf): PDF inclusion:
 multiple pdfs with page group included in a single page
> <./images/ce_schema.pdf

pdfTeX warning: /usr/bin/pdflatex (file ./images/ce_schema.pdf): PDF inclusion:
 multiple pdfs with page group included in a single page
> <./images/ce_schema.pdf

pdfTeX warning: /usr/bin/pdflatex (file ./images/ce_schema.pdf): PDF inclusion:
 multiple pdfs with page group included in a single page
> <./images/ce_schema.pdf

pdfTeX warning: /usr/bin/pdflatex (file ./images/ce_schema.pdf): PDF inclusion:
 multiple pdfs with page group included in a single page
> <./images/ce_schema.pdf

pdfTeX warning: /usr/bin/pdflatex (file ./images/ce_schema.pdf): PDF inclusion:
 multiple pdfs with page group included in a single page
> <./images/ce_schema.pdf

pdfTeX warning: /usr/bin/pdflatex (file ./images/ce_schema.pdf): PDF inclusion:
 multiple pdfs with page group included in a single page
> <./images/ce_schema.pdf

pdfTeX warning: /usr/bin/pdflatex (file ./images/ce_schema.pdf): PDF inclusion:
 multiple pdfs with page group included in a single page
>]
<./images/MESAvspopsynth.png, id=1150, 558.58687pt x 623.32875pt>
File: ./images/MESAvspopsynth.png Graphic file (type png)
<use ./images/MESAvspopsynth.png>
Package pdftex.def Info: ./images/MESAvspopsynth.png  used on input line 1004.
(pdftex.def)             Requested size: 394.35237pt x 440.07457pt.

Underfull \vbox (badness 10000) has occurred while \output is active []

 [31 <./images/MESAvspopsynth.png (PNG copy)>] [32] [33]
Underfull \hbox (badness 10000) in paragraph at lines 1124--1125

 []


Underfull \hbox (badness 10000) in paragraph at lines 1126--1127

 []

[34]
<./images/CygX3littlefriend.png, id=1298, 583.42969pt x 526.96875pt>
File: ./images/CygX3littlefriend.png Graphic file (type png)
<use ./images/CygX3littlefriend.png>
Package pdftex.def Info: ./images/CygX3littlefriend.png  used on input line 116
0.
(pdftex.def)             Requested size: 214.70682pt x 193.93007pt.
<./images/CygX3massBH.png, id=1299, 560.8453pt x 555.57562pt>
File: ./images/CygX3massBH.png Graphic file (type png)
<use ./images/CygX3massBH.png>
Package pdftex.def Info: ./images/CygX3massBH.png  used on input line 1165.
(pdftex.def)             Requested size: 214.70682pt x 212.68924pt.
 [35 <./images/CygX3littlefriend.png (PNG copy)> <./images/CygX3massBH.png (PNG
 copy)>]
Underfull \hbox (badness 10000) in paragraph at lines 1190--1191

 []

[36]
<./images/WRwindIC10X-1.png, id=1339, 650.43pt x 685.05937pt>
File: ./images/WRwindIC10X-1.png Graphic file (type png)
<use ./images/WRwindIC10X-1.png>
Package pdftex.def Info: ./images/WRwindIC10X-1.png  used on input line 1199.
(pdftex.def)             Requested size: 170.88692pt x 179.98235pt.
<./images/WRwindNGC300.png, id=1340, 730.98094pt x 535.2497pt>
File: ./images/WRwindNGC300.png Graphic file (type png)
<use ./images/WRwindNGC300.png>
Package pdftex.def Info: ./images/WRwindNGC300.png  used on input line 1204.
(pdftex.def)             Requested size: 262.90604pt x 192.51006pt.

Underfull \hbox (badness 10000) in paragraph at lines 1210--1211

 []


Underfull \hbox (badness 10000) in paragraph at lines 1212--1214

 []

[37 <./images/WRwindIC10X-1.png (PNG copy)> <./images/WRwindNGC300.png (PNG cop
y)>]
Underfull \hbox (badness 10000) in paragraph at lines 1221--1222

 []

[38] [39] [40

]
Chapter 3.
[41] (./images/interpolation.pdf_tex
<./images/interpolation.pdf, id=1417, page=1, 349.0302pt x 240.63527pt>
File: ./images/interpolation.pdf Graphic file (type pdf)
<use ./images/interpolation.pdf, page 1>
Package pdftex.def Info: ./images/interpolation.pdf , page1 used on input line 
56.
(pdftex.def)             Requested size: 219.08614pt x 151.05025pt.
<./images/interpolation.pdf, id=1418, page=2, 349.0302pt x 240.63527pt>
File: ./images/interpolation.pdf Graphic file (type pdf)
<use ./images/interpolation.pdf, page 2>
Package pdftex.def Info: ./images/interpolation.pdf , page2 used on input line 
67.
(pdftex.def)             Requested size: 219.08614pt x 151.05025pt.
)
Underfull \hbox (badness 10000) in paragraph at lines 1288--1289

 []

[42 <./images/interpolation.pdf> <./images/interpolation.pdf

pdfTeX warning: /usr/bin/pdflatex (file ./images/interpolation.pdf): PDF inclus
ion: multiple pdfs with page group included in a single page
>]
Underfull \hbox (badness 10000) in paragraph at lines 1292--1293

 []

[43]
Underfull \hbox (badness 10000) in paragraph at lines 1385--1386

 []

[44]
Underfull \hbox (badness 10000) in paragraph at lines 1389--1390

 []

<./images/remnants_Z02.jpg, id=1503, 1084.05pt x 722.7pt>
File: ./images/remnants_Z02.jpg Graphic file (type jpg)
<use ./images/remnants_Z02.jpg>
Package pdftex.def Info: ./images/remnants_Z02.jpg  used on input line 1425.
(pdftex.def)             Requested size: 276.05214pt x 184.02692pt.

Overfull \hbox (13.1461pt too wide) in paragraph at lines 1425--1426
 [][] 
 []

<./images/hist_Z02.pdf, id=1504, 722.7pt x 722.7pt>
File: ./images/hist_Z02.pdf Graphic file (type pdf)
<use ./images/hist_Z02.pdf>
Package pdftex.def Info: ./images/hist_Z02.pdf  used on input line 1430.
(pdftex.def)             Requested size: 179.43178pt x 179.42844pt.

Overfull \hbox (8.54486pt too wide) in paragraph at lines 1430--1431
 [][] 
 []

<./images/remnants_Z015.jpg, id=1505, 1084.05pt x 722.7pt>
File: ./images/remnants_Z015.jpg Graphic file (type jpg)
<use ./images/remnants_Z015.jpg>
Package pdftex.def Info: ./images/remnants_Z015.jpg  used on input line 1435.
(pdftex.def)             Requested size: 276.05214pt x 184.02692pt.

Overfull \hbox (13.1461pt too wide) in paragraph at lines 1435--1436
 [][] 
 []

<./images/hist_Z015.pdf, id=1506, 722.7pt x 722.7pt>
File: ./images/hist_Z015.pdf Graphic file (type pdf)
<use ./images/hist_Z015.pdf>
Package pdftex.def Info: ./images/hist_Z015.pdf  used on input line 1440.
(pdftex.def)             Requested size: 184.03008pt x 184.02692pt.

Overfull \hbox (8.76384pt too wide) in paragraph at lines 1440--1441
 [][] 
 []


Overfull \hbox (2.22166pt too wide) in paragraph at lines 1433--1442
[]$[]$  $[]$ 
 []

[45] [46 <./images/remnants_Z02.jpg> <./images/hist_Z02.pdf> <./images/remnants
_Z015.jpg> <./images/hist_Z015.pdf

pdfTeX warning: /usr/bin/pdflatex (file ./images/hist_Z015.pdf): PDF inclusion:
 multiple pdfs with page group included in a single page
>]
<./images/compactness.png, id=1570, 225.4824pt x 56.1297pt>
File: ./images/compactness.png Graphic file (type png)
<use ./images/compactness.png>
Package pdftex.def Info: ./images/compactness.png  used on input line 1472.
(pdftex.def)             Requested size: 394.35237pt x 98.17189pt.
 [47 <./images/compactness.png>] [48]
Underfull \hbox (badness 10000) in paragraph at lines 1529--1530

 []

<./images/parameterspace.png, id=1626, 311.56172pt x 110.86874pt>
File: ./images/parameterspace.png Graphic file (type png)
<use ./images/parameterspace.png>
Package pdftex.def Info: ./images/parameterspace.png  used on input line 1537.
(pdftex.def)             Requested size: 416.26233pt x 148.13872pt.
[49 <./images/parameterspace.png>] [50]
Chapter 4.
[51

] [52]
Chapter 5.
[53

] [54

]
Chapter 6.

Package hyperref Warning: Difference (2) between bookmark levels is greater 
(hyperref)                than one, level fixed on input line 1660.


Underfull \hbox (badness 10000) in paragraph at lines 1682--1683

 []

[55]
Underfull \hbox (badness 10000) in paragraph at lines 1698--1699

 []


Underfull \hbox (badness 10000) in paragraph at lines 1708--1709

 []

[56] [57] [58

] [59]
Overfull \hbox (1.95154pt too wide) in paragraph at lines 1740--1740
[]\T1/cmr/m/n/10 Juri Pouta-nen et al. ^^P  Black hole spin^^Uorbit mis-align-m
ent in the x-ray bi-nary MAXI J1820+070^^Q.
 []

[60] [61]
Overfull \hbox (2.66193pt too wide) in paragraph at lines 1740--1740
[]\T1/cmr/m/n/10 B. Lemasle et al. ^^P  Milky Way metal-lic-ity gra-di-ent from
 Gaia DR2 F/1O double-mode Cepheids^^Q.
 []

[62] [63]
Package atveryend Info: Empty hook `BeforeClearDocument' on input line 1741.
 [64]
Package atveryend Info: Empty hook `AfterLastShipout' on input line 1741.
 (./thesis.aux)
Package atveryend Info: Executing hook `AtVeryEndDocument' on input line 1741.
Package atveryend Info: Executing hook `AtEndAfterFileList' on input line 1741.

Package rerunfilecheck Info: File `thesis.out' has not changed.
(rerunfilecheck)             Checksum: 49FB9E818A73FD1810AF740B23348061;4031.
Package atveryend Info: Empty hook `AtVeryVeryEnd' on input line 1741.
Package logreq Info: Writing requests to 'thesis.run.xml'.
\openout1 = `thesis.run.xml'.

 ) 
Here is how much of TeX's memory you used:
 22586 strings out of 483099
 420520 string characters out of 5964234
 1090924 words of memory out of 5000000
 36783 multiletter control sequences out of 15000+600000
 564671 words of font info for 107 fonts, out of 8000000 for 9000
 59 hyphenation exceptions out of 8191
 41i,15n,62p,1964b,2917s stack positions out of 5000i,500n,10000p,200000b,80000s
{/usr/share/texmf/fonts/enc/dvips/cm-super/cm-super-ts1.enc}{/usr/share/texmf
/fonts/enc/dvips/cm-super/cm-super-t1.enc}</usr/share/texlive/texmf-dist/fonts/
type1/public/amsfonts/cm/cmbsy10.pfb></usr/share/texlive/texmf-dist/fonts/type1
/public/amsfonts/cm/cmbx12.pfb></usr/share/texlive/texmf-dist/fonts/type1/publi
c/amsfonts/cm/cmcsc10.pfb></usr/share/texlive/texmf-dist/fonts/type1/public/ams
fonts/cm/cmex10.pfb></usr/share/texlive/texmf-dist/fonts/type1/public/amsfonts/
cm/cmmi10.pfb></usr/share/texlive/texmf-dist/fonts/type1/public/amsfonts/cm/cmm
i12.pfb></usr/share/texlive/texmf-dist/fonts/type1/public/amsfonts/cm/cmmi5.pfb
></usr/share/texlive/texmf-dist/fonts/type1/public/amsfonts/cm/cmmi6.pfb></usr/
share/texlive/texmf-dist/fonts/type1/public/amsfonts/cm/cmmi7.pfb></usr/share/t
exlive/texmf-dist/fonts/type1/public/amsfonts/cm/cmmi8.pfb></usr/share/texlive/
texmf-dist/fonts/type1/public/amsfonts/cm/cmmi9.pfb></usr/share/texlive/texmf-d
ist/fonts/type1/public/amsfonts/cm/cmmib10.pfb></usr/share/texlive/texmf-dist/f
onts/type1/public/amsfonts/cm/cmr10.pfb></usr/share/texlive/texmf-dist/fonts/ty
pe1/public/amsfonts/cm/cmr17.pfb></usr/share/texlive/texmf-dist/fonts/type1/pub
lic/amsfonts/cm/cmr5.pfb></usr/share/texlive/texmf-dist/fonts/type1/public/amsf
onts/cm/cmr6.pfb></usr/share/texlive/texmf-dist/fonts/type1/public/amsfonts/cm/
cmr7.pfb></usr/share/texlive/texmf-dist/fonts/type1/public/amsfonts/cm/cmr8.pfb
></usr/share/texlive/texmf-dist/fonts/type1/public/amsfonts/cm/cmr9.pfb></usr/s
hare/texlive/texmf-dist/fonts/type1/public/amsfonts/cm/cmsy10.pfb></usr/share/t
exlive/texmf-dist/fonts/type1/public/amsfonts/cm/cmsy6.pfb></usr/share/texlive/
texmf-dist/fonts/type1/public/amsfonts/cm/cmsy7.pfb></usr/share/texlive/texmf-d
ist/fonts/type1/public/amsfonts/cm/cmsy8.pfb></usr/share/texlive/texmf-dist/fon
ts/type1/public/amsfonts/cm/cmsy9.pfb></usr/share/texlive/texmf-dist/fonts/type
1/public/amsfonts/symbols/msam10.pfb></usr/share/texmf/fonts/type1/public/cm-su
per/sfbi1000.pfb></usr/share/texmf/fonts/type1/public/cm-super/sfbx0900.pfb></u
sr/share/texmf/fonts/type1/public/cm-super/sfbx1000.pfb></usr/share/texmf/fonts
/type1/public/cm-super/sfbx1200.pfb></usr/share/texmf/fonts/type1/public/cm-sup
er/sfbx1440.pfb></usr/share/texmf/fonts/type1/public/cm-super/sfbx2074.pfb></us
r/share/texmf/fonts/type1/public/cm-super/sfbx2488.pfb></usr/share/texmf/fonts/
type1/public/cm-super/sfcc0900.pfb></usr/share/texmf/fonts/type1/public/cm-supe
r/sfcc1000.pfb></usr/share/texmf/fonts/type1/public/cm-super/sfrm0600.pfb></usr
/share/texmf/fonts/type1/public/cm-super/sfrm0700.pfb></usr/share/texmf/fonts/t
ype1/public/cm-super/sfrm0800.pfb></usr/share/texmf/fonts/type1/public/cm-super
/sfrm0900.pfb></usr/share/texmf/fonts/type1/public/cm-super/sfrm1000.pfb></usr/
share/texmf/fonts/type1/public/cm-super/sfti0900.pfb></usr/share/texmf/fonts/ty
pe1/public/cm-super/sfti1000.pfb></usr/share/texmf/fonts/type1/public/cm-super/
sftt0800.pfb></usr/share/texmf/fonts/type1/public/cm-super/sftt0900.pfb></usr/s
hare/texmf/fonts/type1/public/cm-super/sftt1000.pfb>
Output written on thesis.pdf (70 pages, 6168316 bytes).
PDF statistics:
 2013 PDF objects out of 2073 (max. 8388607)
 1731 compressed objects within 18 object streams
 411 named destinations out of 1000 (max. 500000)
 695 words of extra memory for PDF output out of 10000 (max. 10000000)

