\BOOKMARK [0][-]{Doc-Start}{Abstract}{}% 1
\BOOKMARK [0][-]{chapter*.1}{Contents}{}% 2
\BOOKMARK [0][-]{chapter.1}{Demography of the black hole binaries}{}% 3
\BOOKMARK [1][-]{section.1.1}{Gravitational waves}{chapter.1}% 4
\BOOKMARK [2][-]{subsection.1.1.1}{Theory and methods for parameter estimation}{section.1.1}% 5
\BOOKMARK [2][-]{subsection.1.1.2}{Mass and spin observed distributions}{section.1.1}% 6
\BOOKMARK [1][-]{section.1.2}{X-ray binaries}{chapter.1}% 7
\BOOKMARK [2][-]{subsection.1.2.1}{X-ray binaries hosting a black hole}{section.1.2}% 8
\BOOKMARK [2][-]{subsection.1.2.2}{Measuring the properties of the X-ray binaries}{section.1.2}% 9
\BOOKMARK [1][-]{section.1.3}{Tensions in the mass and spin distribution}{chapter.1}% 10
\BOOKMARK [0][-]{chapter.2}{Theory and observations of Wolf-Rayet - black hole systems}{}% 11
\BOOKMARK [1][-]{section.2.1}{Single stellar evolution to form a WR}{chapter.2}% 12
\BOOKMARK [1][-]{section.2.2}{Mass transfer in binary systems}{chapter.2}% 13
\BOOKMARK [1][-]{section.2.3}{Observed candidates of Wolf-Rayet - black hole systems}{chapter.2}% 14
\BOOKMARK [1][-]{section.2.4}{Cyg X-3}{chapter.2}% 15
\BOOKMARK [2][-]{subsection.2.4.1}{Properties}{section.2.4}% 16
\BOOKMARK [2][-]{subsection.2.4.2}{Period}{section.2.4}% 17
\BOOKMARK [2][-]{subsection.2.4.3}{Mass ranges}{section.2.4}% 18
\BOOKMARK [0][-]{chapter.3}{Models and simulations with SEVN2}{}% 19
\BOOKMARK [1][-]{section.3.1}{The SEVN2 population-synthesis code}{chapter.3}% 20
\BOOKMARK [1][-]{section.3.2}{Initial conditions for simulations}{chapter.3}% 21
\BOOKMARK [0][-]{chapter.4}{Results}{}% 22
\BOOKMARK [1][-]{section.4.1}{> 90 \045 GW-BBH undergo WR-BH configuration}{chapter.4}% 23
\BOOKMARK [1][-]{section.4.2}{Fiducial model}{chapter.4}% 24
\BOOKMARK [1][-]{section.4.3}{Role of metallicity}{chapter.4}% 25
\BOOKMARK [1][-]{section.4.4}{Role of the kicks}{chapter.4}% 26
\BOOKMARK [1][-]{section.4.5}{Role of CCSN model}{chapter.4}% 27
\BOOKMARK [1][-]{section.4.6}{Probing the parameter space}{chapter.4}% 28
\BOOKMARK [1][-]{section.4.7}{Compare with Belczynski+2013}{chapter.4}% 29
\BOOKMARK [0][-]{chapter.5}{Conclusion}{}% 30
\BOOKMARK [0][-]{chapter.6}{Annotazioni/Bozza}{}% 31
\BOOKMARK [1][-]{subsection.6.0.1}{Parameter space to explore}{chapter.6}% 32
\BOOKMARK [2][-]{subsection.6.0.2}{Compare with Belczynski}{subsection.6.0.1}% 33
\BOOKMARK [2][-]{subsection.6.0.3}{Notes on how SEVN works/how to interpret things/where to focus}{subsection.6.0.1}% 34
\BOOKMARK [1][-]{section.6.1}{Compactness model implemented in SEVN}{chapter.6}% 35
\BOOKMARK [1][-]{section.6.2}{Pipeline}{chapter.6}% 36
\BOOKMARK [1][-]{section.6.3}{Results Cyg X-3}{chapter.6}% 37
\BOOKMARK [0][-]{chapter*.35}{Bibliography}{}% 38
